<?xml version="1.0" encoding="UTF-8"?>
<testng-results skipped="0" failed="0" ignored="0" total="1" passed="1">
  <reporter-output>
  </reporter-output>
  <suite name="Default suite" duration-ms="1641" started-at="2021-12-03T07:56:34Z" finished-at="2021-12-03T07:56:36Z">
    <groups>
    </groups>
    <test name="Default test" duration-ms="1641" started-at="2021-12-03T07:56:34Z" finished-at="2021-12-03T07:56:36Z">
      <class name="RestAPI.PostRequest">
        <test-method status="PASS" signature="PostCall()[pri:0, instance:RestAPI.PostRequest@22eeefeb]" name="PostCall" duration-ms="1620" started-at="2021-12-03T07:56:34Z" finished-at="2021-12-03T07:56:36Z">
          <reporter-output>
          </reporter-output>
        </test-method> <!-- PostCall -->
      </class> <!-- RestAPI.PostRequest -->
    </test> <!-- Default test -->
  </suite> <!-- Default suite -->
</testng-results>
